[0.653s] Invoking command in '/home/hugo/Desktop/ws/PT_Rover/src/teleop': PYTHONPATH=/home/hugo/Desktop/ws/PT_Rover/build/teleop/prefix_override:/usr/lib/python3/dist-packages/colcon_core/task/python/colcon_distutils_commands:/home/hugo/Desktop/ws/PT_Rover/install/teleop/lib/python3.10/site-packages:${PYTHONPATH} /usr/bin/python3 -W ignore:setup.py install is deprecated -W ignore:easy_install command is deprecated setup.py egg_info --egg-base ../../build/teleop build --build-base /home/hugo/Desktop/ws/PT_Rover/build/teleop/build install --record /home/hugo/Desktop/ws/PT_Rover/build/teleop/install.log --single-version-externally-managed install_data
[0.899s] running egg_info
[0.900s] writing ../../build/teleop/teleop.egg-info/PKG-INFO
[0.900s] writing dependency_links to ../../build/teleop/teleop.egg-info/dependency_links.txt
[0.900s] writing entry points to ../../build/teleop/teleop.egg-info/entry_points.txt
[0.900s] writing requirements to ../../build/teleop/teleop.egg-info/requires.txt
[0.900s] writing top-level names to ../../build/teleop/teleop.egg-info/top_level.txt
[0.902s] reading manifest file '../../build/teleop/teleop.egg-info/SOURCES.txt'
[0.902s] adding license file 'LICENSE'
[0.902s] writing manifest file '../../build/teleop/teleop.egg-info/SOURCES.txt'
[0.903s] running build
[0.903s] running build_py
[0.903s] copying teleop/rover.py -> /home/hugo/Desktop/ws/PT_Rover/build/teleop/build/lib/teleop
[0.903s] running install
[0.903s] running install_lib
[0.904s] copying /home/hugo/Desktop/ws/PT_Rover/build/teleop/build/lib/teleop/rover.py -> /home/hugo/Desktop/ws/PT_Rover/install/teleop/lib/python3.10/site-packages/teleop
[0.904s] byte-compiling /home/hugo/Desktop/ws/PT_Rover/install/teleop/lib/python3.10/site-packages/teleop/rover.py to rover.cpython-310.pyc
[0.905s] running install_data
[0.905s] running install_egg_info
[0.907s] removing '/home/hugo/Desktop/ws/PT_Rover/install/teleop/lib/python3.10/site-packages/teleop-0.0.0-py3.10.egg-info' (and everything under it)
[0.907s] Copying ../../build/teleop/teleop.egg-info to /home/hugo/Desktop/ws/PT_Rover/install/teleop/lib/python3.10/site-packages/teleop-0.0.0-py3.10.egg-info
[0.908s] running install_scripts
[0.930s] Installing rover script to /home/hugo/Desktop/ws/PT_Rover/install/teleop/lib/teleop
[0.930s] writing list of installed files to '/home/hugo/Desktop/ws/PT_Rover/build/teleop/install.log'
[0.947s] Invoked command in '/home/hugo/Desktop/ws/PT_Rover/src/teleop' returned '0': PYTHONPATH=/home/hugo/Desktop/ws/PT_Rover/build/teleop/prefix_override:/usr/lib/python3/dist-packages/colcon_core/task/python/colcon_distutils_commands:/home/hugo/Desktop/ws/PT_Rover/install/teleop/lib/python3.10/site-packages:${PYTHONPATH} /usr/bin/python3 -W ignore:setup.py install is deprecated -W ignore:easy_install command is deprecated setup.py egg_info --egg-base ../../build/teleop build --build-base /home/hugo/Desktop/ws/PT_Rover/build/teleop/build install --record /home/hugo/Desktop/ws/PT_Rover/build/teleop/install.log --single-version-externally-managed install_data
