running egg_info
creating ../../build/teleop/teleop.egg-info
writing ../../build/teleop/teleop.egg-info/PKG-INFO
writing dependency_links to ../../build/teleop/teleop.egg-info/dependency_links.txt
writing entry points to ../../build/teleop/teleop.egg-info/entry_points.txt
writing requirements to ../../build/teleop/teleop.egg-info/requires.txt
writing top-level names to ../../build/teleop/teleop.egg-info/top_level.txt
writing manifest file '../../build/teleop/teleop.egg-info/SOURCES.txt'
reading manifest file '../../build/teleop/teleop.egg-info/SOURCES.txt'
adding license file 'LICENSE'
writing manifest file '../../build/teleop/teleop.egg-info/SOURCES.txt'
running build
running build_py
creating /home/hugo/Desktop/ws/PT_Rover/build/teleop/build
creating /home/hugo/Desktop/ws/PT_Rover/build/teleop/build/lib
creating /home/hugo/Desktop/ws/PT_Rover/build/teleop/build/lib/teleop
copying teleop/__init__.py -> /home/hugo/Desktop/ws/PT_Rover/build/teleop/build/lib/teleop
copying teleop/rover_control.py -> /home/hugo/Desktop/ws/PT_Rover/build/teleop/build/lib/teleop
running install
running install_lib
creating /home/hugo/Desktop/ws/PT_Rover/install/teleop/lib/python3.10/site-packages/teleop
copying /home/hugo/Desktop/ws/PT_Rover/build/teleop/build/lib/teleop/__init__.py -> /home/hugo/Desktop/ws/PT_Rover/install/teleop/lib/python3.10/site-packages/teleop
copying /home/hugo/Desktop/ws/PT_Rover/build/teleop/build/lib/teleop/rover_control.py -> /home/hugo/Desktop/ws/PT_Rover/install/teleop/lib/python3.10/site-packages/teleop
byte-compiling /home/hugo/Desktop/ws/PT_Rover/install/teleop/lib/python3.10/site-packages/teleop/__init__.py to __init__.cpython-310.pyc
byte-compiling /home/hugo/Desktop/ws/PT_Rover/install/teleop/lib/python3.10/site-packages/teleop/rover_control.py to rover_control.cpython-310.pyc
running install_data
creating /home/hugo/Desktop/ws/PT_Rover/install/teleop/share/ament_index
creating /home/hugo/Desktop/ws/PT_Rover/install/teleop/share/ament_index/resource_index
creating /home/hugo/Desktop/ws/PT_Rover/install/teleop/share/ament_index/resource_index/packages
error: can't copy 'resource/teleop': doesn't exist or not a regular file
