[0.115s] DEBUG:colcon:Command line arguments: ['/usr/bin/colcon', 'build']
[0.115s] DEBUG:colcon:Parsed command line arguments: Namespace(log_base=None, log_level=None, verb_name='build', build_base='build', install_base='install', merge_install=False, symlink_install=False, test_result_base=None, continue_on_error=False, executor='parallel', parallel_workers=12, event_handlers=None, ignore_user_meta=False, metas=['./colcon.meta'], base_paths=['.'], packages_ignore=None, packages_ignore_regex=None, paths=None, packages_up_to=None, packages_up_to_regex=None, packages_above=None, packages_above_and_dependencies=None, packages_above_depth=None, packages_select_by_dep=None, packages_skip_by_dep=None, packages_skip_up_to=None, packages_select_build_failed=False, packages_skip_build_finished=False, packages_select_test_failures=False, packages_skip_test_passed=False, packages_select=None, packages_skip=None, packages_select_regex=None, packages_skip_regex=None, packages_start=None, packages_end=None, allow_overriding=[], cmake_args=None, cmake_target=None, cmake_target_skip_unavailable=False, cmake_clean_cache=False, cmake_clean_first=False, cmake_force_configure=False, ament_cmake_args=None, catkin_cmake_args=None, catkin_skip_building_tests=False, mixin_files=None, mixin=None, verb_parser=<colcon_mixin.mixin.mixin_argument.MixinArgumentDecorator object at 0x76eb7693d4b0>, verb_extension=<colcon_core.verb.build.BuildVerb object at 0x76eb7693ce50>, main=<bound method BuildVerb.main of <colcon_core.verb.build.BuildVerb object at 0x76eb7693ce50>>, mixin_verb=('build',))
[0.242s] Level 1:colcon.colcon_core.package_discovery:discover_packages(colcon_meta) check parameters
[0.242s] Level 1:colcon.colcon_core.package_discovery:discover_packages(recursive) check parameters
[0.242s] Level 1:colcon.colcon_core.package_discovery:discover_packages(ignore) check parameters
[0.242s] Level 1:colcon.colcon_core.package_discovery:discover_packages(path) check parameters
[0.242s] Level 1:colcon.colcon_core.package_discovery:discover_packages(colcon_meta) discover
[0.242s] Level 1:colcon.colcon_core.package_discovery:discover_packages(recursive) discover
[0.242s] INFO:colcon.colcon_core.package_discovery:Crawling recursively for packages in '/home/hugo/Desktop/ws/PT_Rover'
[0.242s] Level 1:colcon.colcon_core.package_identification:_identify(.) by extensions ['ignore', 'ignore_ament_install']
[0.242s] Level 1:colcon.colcon_core.package_identification:_identify(.) by extension 'ignore'
[0.242s] Level 1:colcon.colcon_core.package_identification:_identify(.) by extension 'ignore_ament_install'
[0.242s] Level 1:colcon.colcon_core.package_identification:_identify(.) by extensions ['colcon_pkg']
[0.242s] Level 1:colcon.colcon_core.package_identification:_identify(.) by extension 'colcon_pkg'
[0.242s] Level 1:colcon.colcon_core.package_identification:_identify(.) by extensions ['colcon_meta']
[0.242s] Level 1:colcon.colcon_core.package_identification:_identify(.) by extension 'colcon_meta'
[0.242s] Level 1:colcon.colcon_core.package_identification:_identify(.) by extensions ['ros']
[0.242s] Level 1:colcon.colcon_core.package_identification:_identify(.) by extension 'ros'
[0.252s] Level 1:colcon.colcon_core.package_identification:_identify(.) by extensions ['cmake', 'python']
[0.252s] Level 1:colcon.colcon_core.package_identification:_identify(.) by extension 'cmake'
[0.252s] Level 1:colcon.colcon_core.package_identification:_identify(.) by extension 'python'
[0.252s] Level 1:colcon.colcon_core.package_identification:_identify(.) by extensions ['python_setup_py']
[0.252s] Level 1:colcon.colcon_core.package_identification:_identify(.) by extension 'python_setup_py'
[0.252s] Level 1:colcon.colcon_core.package_identification:_identify(build) by extensions ['ignore', 'ignore_ament_install']
[0.252s] Level 1:colcon.colcon_core.package_identification:_identify(build) by extension 'ignore'
[0.252s] Level 1:colcon.colcon_core.package_identification:_identify(build) ignored
[0.252s] Level 1:colcon.colcon_core.package_identification:_identify(install) by extensions ['ignore', 'ignore_ament_install']
[0.252s] Level 1:colcon.colcon_core.package_identification:_identify(install) by extension 'ignore'
[0.252s] Level 1:colcon.colcon_core.package_identification:_identify(install) ignored
[0.252s] Level 1:colcon.colcon_core.package_identification:_identify(log) by extensions ['ignore', 'ignore_ament_install']
[0.252s] Level 1:colcon.colcon_core.package_identification:_identify(log) by extension 'ignore'
[0.252s] Level 1:colcon.colcon_core.package_identification:_identify(log) ignored
[0.253s] Level 1:colcon.colcon_core.package_identification:_identify(src) by extensions ['ignore', 'ignore_ament_install']
[0.253s] Level 1:colcon.colcon_core.package_identification:_identify(src) by extension 'ignore'
[0.253s] Level 1:colcon.colcon_core.package_identification:_identify(src) by extension 'ignore_ament_install'
[0.253s] Level 1:colcon.colcon_core.package_identification:_identify(src) by extensions ['colcon_pkg']
[0.253s] Level 1:colcon.colcon_core.package_identification:_identify(src) by extension 'colcon_pkg'
[0.253s] Level 1:colcon.colcon_core.package_identification:_identify(src) by extensions ['colcon_meta']
[0.253s] Level 1:colcon.colcon_core.package_identification:_identify(src) by extension 'colcon_meta'
[0.253s] Level 1:colcon.colcon_core.package_identification:_identify(src) by extensions ['ros']
[0.253s] Level 1:colcon.colcon_core.package_identification:_identify(src) by extension 'ros'
[0.253s] Level 1:colcon.colcon_core.package_identification:_identify(src) by extensions ['cmake', 'python']
[0.253s] Level 1:colcon.colcon_core.package_identification:_identify(src) by extension 'cmake'
[0.253s] Level 1:colcon.colcon_core.package_identification:_identify(src) by extension 'python'
[0.253s] Level 1:colcon.colcon_core.package_identification:_identify(src) by extensions ['python_setup_py']
[0.253s] Level 1:colcon.colcon_core.package_identification:_identify(src) by extension 'python_setup_py'
[0.253s] Level 1:colcon.colcon_core.package_identification:_identify(src/teleop) by extensions ['ignore', 'ignore_ament_install']
[0.254s] Level 1:colcon.colcon_core.package_identification:_identify(src/teleop) by extension 'ignore'
[0.254s] Level 1:colcon.colcon_core.package_identification:_identify(src/teleop) by extension 'ignore_ament_install'
[0.254s] Level 1:colcon.colcon_core.package_identification:_identify(src/teleop) by extensions ['colcon_pkg']
[0.254s] Level 1:colcon.colcon_core.package_identification:_identify(src/teleop) by extension 'colcon_pkg'
[0.254s] Level 1:colcon.colcon_core.package_identification:_identify(src/teleop) by extensions ['colcon_meta']
[0.254s] Level 1:colcon.colcon_core.package_identification:_identify(src/teleop) by extension 'colcon_meta'
[0.254s] Level 1:colcon.colcon_core.package_identification:_identify(src/teleop) by extensions ['ros']
[0.254s] Level 1:colcon.colcon_core.package_identification:_identify(src/teleop) by extension 'ros'
[0.256s] DEBUG:colcon.colcon_core.package_identification:Package 'src/teleop' with type 'ros.ament_python' and name 'teleop'
[0.256s] Level 1:colcon.colcon_core.package_discovery:discover_packages(recursive) using defaults
[0.256s] Level 1:colcon.colcon_core.package_discovery:discover_packages(ignore) discover
[0.256s] Level 1:colcon.colcon_core.package_discovery:discover_packages(ignore) using defaults
[0.256s] Level 1:colcon.colcon_core.package_discovery:discover_packages(path) discover
[0.256s] Level 1:colcon.colcon_core.package_discovery:discover_packages(path) using defaults
[0.272s] Level 1:colcon.colcon_core.package_discovery:discover_packages(prefix_path) check parameters
[0.272s] Level 1:colcon.colcon_core.package_discovery:discover_packages(prefix_path) discover
[0.273s] Level 1:colcon.colcon_core.package_discovery:discover_packages(prefix_path) using defaults
[0.274s] Level 5:colcon.colcon_core.verb:set package 'teleop' build argument 'cmake_args' from command line to 'None'
[0.274s] Level 5:colcon.colcon_core.verb:set package 'teleop' build argument 'cmake_target' from command line to 'None'
[0.274s] Level 5:colcon.colcon_core.verb:set package 'teleop' build argument 'cmake_target_skip_unavailable' from command line to 'False'
[0.274s] Level 5:colcon.colcon_core.verb:set package 'teleop' build argument 'cmake_clean_cache' from command line to 'False'
[0.274s] Level 5:colcon.colcon_core.verb:set package 'teleop' build argument 'cmake_clean_first' from command line to 'False'
[0.274s] Level 5:colcon.colcon_core.verb:set package 'teleop' build argument 'cmake_force_configure' from command line to 'False'
[0.274s] Level 5:colcon.colcon_core.verb:set package 'teleop' build argument 'ament_cmake_args' from command line to 'None'
[0.274s] Level 5:colcon.colcon_core.verb:set package 'teleop' build argument 'catkin_cmake_args' from command line to 'None'
[0.274s] Level 5:colcon.colcon_core.verb:set package 'teleop' build argument 'catkin_skip_building_tests' from command line to 'False'
[0.274s] DEBUG:colcon.colcon_core.verb:Building package 'teleop' with the following arguments: {'ament_cmake_args': None, 'build_base': '/home/hugo/Desktop/ws/PT_Rover/build/teleop', 'catkin_cmake_args': None, 'catkin_skip_building_tests': False, 'cmake_args': None, 'cmake_clean_cache': False, 'cmake_clean_first': False, 'cmake_force_configure': False, 'cmake_target': None, 'cmake_target_skip_unavailable': False, 'install_base': '/home/hugo/Desktop/ws/PT_Rover/install/teleop', 'merge_install': False, 'path': '/home/hugo/Desktop/ws/PT_Rover/src/teleop', 'symlink_install': False, 'test_result_base': None}
[0.274s] INFO:colcon.colcon_core.executor:Executing jobs using 'parallel' executor
[0.275s] DEBUG:colcon.colcon_parallel_executor.executor.parallel:run_until_complete
[0.275s] INFO:colcon.colcon_ros.task.ament_python.build:Building ROS package in '/home/hugo/Desktop/ws/PT_Rover/src/teleop' with build type 'ament_python'
[0.275s] Level 1:colcon.colcon_core.shell:create_environment_hook('teleop', 'ament_prefix_path')
[0.277s] INFO:colcon.colcon_core.plugin_system:Skipping extension 'colcon_core.shell.bat': Not used on non-Windows systems
[0.277s] INFO:colcon.colcon_core.shell:Creating environment hook '/home/hugo/Desktop/ws/PT_Rover/install/teleop/share/teleop/hook/ament_prefix_path.ps1'
[0.278s] INFO:colcon.colcon_core.shell:Creating environment descriptor '/home/hugo/Desktop/ws/PT_Rover/install/teleop/share/teleop/hook/ament_prefix_path.dsv'
[0.278s] INFO:colcon.colcon_core.shell:Creating environment hook '/home/hugo/Desktop/ws/PT_Rover/install/teleop/share/teleop/hook/ament_prefix_path.sh'
[0.279s] INFO:colcon.colcon_core.shell:Skip shell extension 'powershell' for command environment: Not usable outside of PowerShell
[0.279s] DEBUG:colcon.colcon_core.shell:Skip shell extension 'dsv' for command environment
[0.489s] WARNING:colcon.colcon_ros.task.ament_python.build:Package 'teleop' doesn't explicitly install a marker in the package index (colcon-ros currently does it implicitly but that fallback will be removed in the future)
[0.489s] INFO:colcon.colcon_core.task.python.build:Building Python package in '/home/hugo/Desktop/ws/PT_Rover/src/teleop'
[0.489s] INFO:colcon.colcon_core.shell:Skip shell extension 'powershell' for command environment: Not usable outside of PowerShell
[0.489s] DEBUG:colcon.colcon_core.shell:Skip shell extension 'dsv' for command environment
[0.802s] DEBUG:colcon.colcon_core.event_handler.log_command:Invoking command in '/home/hugo/Desktop/ws/PT_Rover/src/teleop': PYTHONPATH=/home/hugo/Desktop/ws/PT_Rover/build/teleop/prefix_override:/usr/lib/python3/dist-packages/colcon_core/task/python/colcon_distutils_commands:/home/hugo/Desktop/ws/PT_Rover/install/teleop/lib/python3.10/site-packages: /usr/bin/python3 -W ignore:setup.py install is deprecated -W ignore:easy_install command is deprecated setup.py egg_info --egg-base ../../build/teleop build --build-base /home/hugo/Desktop/ws/PT_Rover/build/teleop/build install --record /home/hugo/Desktop/ws/PT_Rover/build/teleop/install.log --single-version-externally-managed install_data
[1.051s] DEBUG:colcon.colcon_core.event_handler.log_command:Invoked command in '/home/hugo/Desktop/ws/PT_Rover/src/teleop' returned '0': PYTHONPATH=/home/hugo/Desktop/ws/PT_Rover/build/teleop/prefix_override:/usr/lib/python3/dist-packages/colcon_core/task/python/colcon_distutils_commands:/home/hugo/Desktop/ws/PT_Rover/install/teleop/lib/python3.10/site-packages: /usr/bin/python3 -W ignore:setup.py install is deprecated -W ignore:easy_install command is deprecated setup.py egg_info --egg-base ../../build/teleop build --build-base /home/hugo/Desktop/ws/PT_Rover/build/teleop/build install --record /home/hugo/Desktop/ws/PT_Rover/build/teleop/install.log --single-version-externally-managed install_data
[1.053s] Level 1:colcon.colcon_core.environment:checking '/home/hugo/Desktop/ws/PT_Rover/install/teleop' for CMake module files
[1.054s] Level 1:colcon.colcon_core.environment:checking '/home/hugo/Desktop/ws/PT_Rover/install/teleop' for CMake config files
[1.055s] Level 1:colcon.colcon_core.environment:checking '/home/hugo/Desktop/ws/PT_Rover/install/teleop/lib'
[1.055s] Level 1:colcon.colcon_core.environment:checking '/home/hugo/Desktop/ws/PT_Rover/install/teleop/bin'
[1.056s] Level 1:colcon.colcon_core.environment:checking '/home/hugo/Desktop/ws/PT_Rover/install/teleop/lib/pkgconfig/teleop.pc'
[1.056s] Level 1:colcon.colcon_core.environment:checking '/home/hugo/Desktop/ws/PT_Rover/install/teleop/lib/python3.10/site-packages'
[1.056s] Level 1:colcon.colcon_core.shell:create_environment_hook('teleop', 'pythonpath')
[1.056s] INFO:colcon.colcon_core.shell:Creating environment hook '/home/hugo/Desktop/ws/PT_Rover/install/teleop/share/teleop/hook/pythonpath.ps1'
[1.057s] INFO:colcon.colcon_core.shell:Creating environment descriptor '/home/hugo/Desktop/ws/PT_Rover/install/teleop/share/teleop/hook/pythonpath.dsv'
[1.057s] INFO:colcon.colcon_core.shell:Creating environment hook '/home/hugo/Desktop/ws/PT_Rover/install/teleop/share/teleop/hook/pythonpath.sh'
[1.057s] Level 1:colcon.colcon_core.environment:checking '/home/hugo/Desktop/ws/PT_Rover/install/teleop/bin'
[1.058s] Level 1:colcon.colcon_core.environment:create_environment_scripts_only(teleop)
[1.058s] INFO:colcon.colcon_core.shell:Creating package script '/home/hugo/Desktop/ws/PT_Rover/install/teleop/share/teleop/package.ps1'
[1.058s] INFO:colcon.colcon_core.shell:Creating package descriptor '/home/hugo/Desktop/ws/PT_Rover/install/teleop/share/teleop/package.dsv'
[1.059s] INFO:colcon.colcon_core.shell:Creating package script '/home/hugo/Desktop/ws/PT_Rover/install/teleop/share/teleop/package.sh'
[1.060s] INFO:colcon.colcon_core.shell:Creating package script '/home/hugo/Desktop/ws/PT_Rover/install/teleop/share/teleop/package.bash'
[1.060s] INFO:colcon.colcon_core.shell:Creating package script '/home/hugo/Desktop/ws/PT_Rover/install/teleop/share/teleop/package.zsh'
[1.061s] Level 1:colcon.colcon_core.environment:create_file_with_runtime_dependencies(/home/hugo/Desktop/ws/PT_Rover/install/teleop/share/colcon-core/packages/teleop)
[1.061s] DEBUG:colcon.colcon_parallel_executor.executor.parallel:closing loop
[1.061s] DEBUG:colcon.colcon_parallel_executor.executor.parallel:loop closed
[1.061s] DEBUG:colcon.colcon_parallel_executor.executor.parallel:run_until_complete finished with '0'
[1.061s] DEBUG:colcon.colcon_core.event_reactor:joining thread
[1.075s] INFO:colcon.colcon_core.plugin_system:Skipping extension 'colcon_notification.desktop_notification.terminal_notifier': Not used on non-Darwin systems
[1.075s] INFO:colcon.colcon_core.plugin_system:Skipping extension 'colcon_notification.desktop_notification.win32': Not used on non-Windows systems
[1.075s] INFO:colcon.colcon_notification.desktop_notification:Sending desktop notification using 'notify2'
[1.086s] DEBUG:colcon.colcon_core.event_reactor:joined thread
[1.086s] INFO:colcon.colcon_core.shell:Creating prefix script '/home/hugo/Desktop/ws/PT_Rover/install/local_setup.ps1'
[1.087s] INFO:colcon.colcon_core.shell:Creating prefix util module '/home/hugo/Desktop/ws/PT_Rover/install/_local_setup_util_ps1.py'
[1.090s] INFO:colcon.colcon_core.shell:Creating prefix chain script '/home/hugo/Desktop/ws/PT_Rover/install/setup.ps1'
[1.091s] INFO:colcon.colcon_core.shell:Creating prefix script '/home/hugo/Desktop/ws/PT_Rover/install/local_setup.sh'
[1.092s] INFO:colcon.colcon_core.shell:Creating prefix util module '/home/hugo/Desktop/ws/PT_Rover/install/_local_setup_util_sh.py'
[1.092s] INFO:colcon.colcon_core.shell:Creating prefix chain script '/home/hugo/Desktop/ws/PT_Rover/install/setup.sh'
[1.093s] INFO:colcon.colcon_core.shell:Creating prefix script '/home/hugo/Desktop/ws/PT_Rover/install/local_setup.bash'
[1.094s] INFO:colcon.colcon_core.shell:Creating prefix chain script '/home/hugo/Desktop/ws/PT_Rover/install/setup.bash'
[1.095s] INFO:colcon.colcon_core.shell:Creating prefix script '/home/hugo/Desktop/ws/PT_Rover/install/local_setup.zsh'
[1.095s] INFO:colcon.colcon_core.shell:Creating prefix chain script '/home/hugo/Desktop/ws/PT_Rover/install/setup.zsh'
