running egg_info
writing ../../build/teleop/teleop.egg-info/PKG-INFO
writing dependency_links to ../../build/teleop/teleop.egg-info/dependency_links.txt
writing entry points to ../../build/teleop/teleop.egg-info/entry_points.txt
writing requirements to ../../build/teleop/teleop.egg-info/requires.txt
writing top-level names to ../../build/teleop/teleop.egg-info/top_level.txt
reading manifest file '../../build/teleop/teleop.egg-info/SOURCES.txt'
adding license file 'LICENSE'
writing manifest file '../../build/teleop/teleop.egg-info/SOURCES.txt'
running build
running build_py
running install
running install_lib
running install_data
copying package.xml -> /home/hugo/Desktop/ws/PT_Rover/install/teleop/share/teleop
creating /home/hugo/Desktop/ws/PT_Rover/install/teleop/share/teleop/launch
copying launch/rp_launch.py -> /home/hugo/Desktop/ws/PT_Rover/install/teleop/share/teleop/launch
running install_egg_info
Copying ../../build/teleop/teleop.egg-info to /home/hugo/Desktop/ws/PT_Rover/install/teleop/lib/python3.10/site-packages/teleop-0.0.0-py3.10.egg-info
running install_scripts
Installing pi_nav2_link script to /home/hugo/Desktop/ws/PT_Rover/install/teleop/lib/teleop
Installing rover script to /home/hugo/Desktop/ws/PT_Rover/install/teleop/lib/teleop
writing list of installed files to '/home/hugo/Desktop/ws/PT_Rover/build/teleop/install.log'
